-------------------------------------------------------------------------------
Test set: BonusServiceTest
-------------------------------------------------------------------------------
Tests run: 4, Failures: 1, Errors: 0, Skipped: 0, Time elapsed: 0.446 s <<< FAILURE! - in BonusServiceTest
shouldCalculateForNoRegisteredAndOverLimit  Time elapsed: 0.087 s  <<< FAILURE!
org.opentest4j.AssertionFailedError: expected: <300> but was: <400>
	at BonusServiceTest.shouldCalculateForNoRegisteredAndOverLimit(BonusServiceTest.java:66)

